{"level":"error","message":"Erro ao conectar ao MongoDB Atlas: bad auth : authentication failed","timestamp":"2025-05-12T23:30:46.442Z"}
{"level":"error","message":"Erro ao registar utilizador: Utilizador já existe","timestamp":"2025-05-13T13:51:52.903Z"}
{"level":"error","message":"Erro ao registar utilizador: Utilizador já existe","timestamp":"2025-05-13T14:00:00.189Z"}
{"level":"error","message":"Erro ao criar/atualizar password: The 3rd, `field` parameter is expected to be a string. See https://stalniy.github.io/casl/en/api/casl-ability#can-of-pure-ability for details","timestamp":"2025-05-13T22:24:22.738Z"}
{"level":"error","message":"Erro ao criar/atualizar password: The 3rd, `field` parameter is expected to be a string. See https://stalniy.github.io/casl/en/api/casl-ability#can-of-pure-ability for details","timestamp":"2025-05-13T22:26:50.123Z"}
{"level":"error","message":"Erro ao criar/atualizar password: The 3rd, `field` parameter is expected to be a string. See https://stalniy.github.io/casl/en/api/casl-ability#can-of-pure-ability for details","timestamp":"2025-05-13T22:27:03.635Z"}
{"level":"error","message":"Erro ao criar/atualizar password: The 3rd, `field` parameter is expected to be a string. See https://stalniy.github.io/casl/en/api/casl-ability#can-of-pure-ability for details","timestamp":"2025-05-13T22:28:04.788Z"}
{"level":"error","message":"Erro ao criar/atualizar password: The 3rd, `field` parameter is expected to be a string. See https://stalniy.github.io/casl/en/api/casl-ability#can-of-pure-ability for details","timestamp":"2025-05-13T22:28:48.833Z"}
{"level":"error","message":"Erro ao criar/atualizar password: The 3rd, `field` parameter is expected to be a string. See https://stalniy.github.io/casl/en/api/casl-ability#can-of-pure-ability for details","timestamp":"2025-05-13T22:29:24.818Z"}
{"level":"error","message":"Erro ao criar/atualizar password: The 3rd, `field` parameter is expected to be a string. See https://stalniy.github.io/casl/en/api/casl-ability#can-of-pure-ability for details","timestamp":"2025-05-13T22:30:58.271Z"}
{"level":"error","message":"Erro ao criar/atualizar password: The 3rd, `field` parameter is expected to be a string. See https://stalniy.github.io/casl/en/api/casl-ability#can-of-pure-ability for details","timestamp":"2025-05-13T22:31:49.673Z"}
{"level":"error","message":"Erro ao criar/atualizar password: The 3rd, `field` parameter is expected to be a string. See https://stalniy.github.io/casl/en/api/casl-ability#can-of-pure-ability for details","timestamp":"2025-05-13T22:33:29.037Z"}
{"level":"error","message":"Erro ao criar/atualizar password: The 3rd, `field` parameter is expected to be a string. See https://stalniy.github.io/casl/en/api/casl-ability#can-of-pure-ability for details","timestamp":"2025-05-13T22:35:01.680Z"}
{"level":"error","message":"Erro ao obter password: The 3rd, `field` parameter is expected to be a string. See https://stalniy.github.io/casl/en/api/casl-ability#can-of-pure-ability for details","timestamp":"2025-05-13T22:43:18.081Z"}
{"level":"error","message":"Erro ao obter password: The 3rd, `field` parameter is expected to be a string. See https://stalniy.github.io/casl/en/api/casl-ability#can-of-pure-ability for details","timestamp":"2025-05-13T22:44:20.266Z"}
{"level":"error","message":"Erro ao atualizar password: The 3rd, `field` parameter is expected to be a string. See https://stalniy.github.io/casl/en/api/casl-ability#can-of-pure-ability for details","timestamp":"2025-05-13T22:48:14.374Z"}
{"level":"error","message":"Erro ao criar/atualizar password: The 3rd, `field` parameter is expected to be a string. See https://stalniy.github.io/casl/en/api/casl-ability#can-of-pure-ability for details","timestamp":"2025-05-13T22:53:24.192Z"}
{"level":"error","message":"Erro ao criar/atualizar password: The 3rd, `field` parameter is expected to be a string. See https://stalniy.github.io/casl/en/api/casl-ability#can-of-pure-ability for details","timestamp":"2025-05-13T22:53:57.644Z"}
{"level":"error","message":"Erro ao conectar ao MongoDB Atlas: Could not connect to any servers in your MongoDB Atlas cluster. One common reason is that you're trying to access the database from an IP that isn't whitelisted. Make sure your current IP address is on your Atlas cluster's IP whitelist: https://www.mongodb.com/docs/atlas/security-whitelist/","timestamp":"2025-05-15T16:42:38.545Z"}
{"level":"error","message":"Erro ao conectar ao MongoDB Atlas: querySrv ECONNREFUSED _mongodb._tcp.cluster0.lzoex3z.mongodb.net","timestamp":"2025-05-15T17:08:15.191Z"}
{"level":"error","message":"Erro ao conectar ao MongoDB Atlas: querySrv ECONNREFUSED _mongodb._tcp.cluster0.lzoex3z.mongodb.net","timestamp":"2025-05-15T17:39:59.523Z"}
{"level":"error","message":"Erro ao registar utilizador: Operation `users.findOne()` buffering timed out after 10000ms","timestamp":"2025-05-15T17:41:56.212Z"}
{"level":"error","message":"Erro ao registar utilizador: Operation `users.findOne()` buffering timed out after 10000ms","timestamp":"2025-05-15T17:42:37.335Z"}
{"level":"error","message":"Erro ao registar utilizador: Operation `users.findOne()` buffering timed out after 10000ms","timestamp":"2025-05-15T17:43:37.325Z"}
{"level":"error","message":"Erro ao conectar ao MongoDB Atlas: Could not connect to any servers in your MongoDB Atlas cluster. One common reason is that you're trying to access the database from an IP that isn't whitelisted. Make sure your current IP address is on your Atlas cluster's IP whitelist: https://www.mongodb.com/docs/atlas/security-whitelist/","timestamp":"2025-05-15T17:43:51.016Z"}
{"level":"error","message":"Erro ao registar utilizador: Operation `users.findOne()` buffering timed out after 10000ms","timestamp":"2025-05-15T17:44:46.658Z"}
{"level":"error","message":"Erro ao fazer login: Operation `users.findOne()` buffering timed out after 10000ms","timestamp":"2025-05-15T17:46:21.067Z"}
{"level":"error","message":"Erro de autenticação: jwt expired","timestamp":"2025-05-15T17:57:44.499Z"}
{"level":"error","message":"Erro de autenticação: jwt expired","timestamp":"2025-05-19T14:18:56.424Z"}
